c:\users\jag14\desktop\assignment-master\assignment\com428 assignment\crate\x64\debug\vc141.pdb
c:\users\jag14\desktop\assignment-master\assignment\com428 assignment\crate\x64\debug\vc141.idb
c:\users\jag14\desktop\assignment-master\assignment\com428 assignment\crate\x64\debug\frameresource.obj
c:\users\jag14\desktop\assignment-master\assignment\com428 assignment\crate\x64\debug\crateapp.obj
c:\users\jag14\desktop\assignment-master\assignment\com428 assignment\crate\x64\debug\mathhelper.obj
c:\users\jag14\desktop\assignment-master\assignment\com428 assignment\crate\x64\debug\geometrygenerator.obj
c:\users\jag14\desktop\assignment-master\assignment\com428 assignment\crate\x64\debug\gametimer.obj
c:\users\jag14\desktop\assignment-master\assignment\com428 assignment\crate\x64\debug\ddstextureloader.obj
c:\users\jag14\desktop\assignment-master\assignment\com428 assignment\crate\x64\debug\d3dutil.obj
c:\users\jag14\desktop\assignment-master\assignment\com428 assignment\crate\x64\debug\d3dapp.obj
c:\users\jag14\desktop\assignment-master\assignment\com428 assignment\crate\x64\debug\camera.obj
c:\users\jag14\desktop\assignment-master\assignment\com428 assignment\crate\x64\debug\lab 6 - textured crate.exe
c:\users\jag14\desktop\assignment-master\assignment\com428 assignment\crate\x64\debug\lab 6 - textured crate.ilk
c:\users\jag14\desktop\assignment-master\assignment\com428 assignment\crate\x64\debug\lab 6 - textured crate.pdb
c:\users\cgf17gij\desktop\assignment-master\assignment-master\assignment\com428 assignment\crate\x64\debug\camera.obj
c:\users\cgf17gij\desktop\assignment-master\assignment-master\assignment\com428 assignment\crate\x64\debug\crateapp.obj
c:\users\cgf17gij\desktop\assignment-master\assignment-master\assignment\com428 assignment\crate\x64\debug\d3dapp.obj
c:\users\cgf17gij\desktop\assignment-master\assignment-master\assignment\com428 assignment\crate\x64\debug\d3dutil.obj
c:\users\cgf17gij\desktop\assignment-master\assignment-master\assignment\com428 assignment\crate\x64\debug\ddstextureloader.obj
c:\users\cgf17gij\desktop\assignment-master\assignment-master\assignment\com428 assignment\crate\x64\debug\frameresource.obj
c:\users\cgf17gij\desktop\assignment-master\assignment-master\assignment\com428 assignment\crate\x64\debug\gametimer.obj
c:\users\cgf17gij\desktop\assignment-master\assignment-master\assignment\com428 assignment\crate\x64\debug\geometrygenerator.obj
c:\users\cgf17gij\desktop\assignment-master\assignment-master\assignment\com428 assignment\crate\x64\debug\mathhelper.obj
c:\users\cgf17gij\desktop\assignment-master\assignment-master\assignment\com428 assignment\crate\x64\debug\lab 6 - textured crate.ilk
c:\users\cgf17gij\desktop\assignment-master\assignment-master\assignment\com428 assignment\crate\x64\debug\vc141.idb
c:\users\cgf17gij\desktop\assignment-master\assignment-master\assignment\com428 assignment\crate\x64\debug\lab 6 - textured crate.pdb
c:\users\cgf17gij\desktop\assignment-master\assignment-master\assignment\com428 assignment\crate\x64\debug\vc141.pdb
c:\users\cgf17gij\desktop\assignment-master\assignment-master\assignment\com428 assignment\crate\x64\debug\lab 6 - textured crate.exe
c:\users\cgf17gij\desktop\assignment-master\assignment-master\assignment\com428 assignment\crate\x64\debug\lab 6 - .99bad649.tlog\cl.command.1.tlog
c:\users\cgf17gij\desktop\assignment-master\assignment-master\assignment\com428 assignment\crate\x64\debug\lab 6 - .99bad649.tlog\cl.read.1.tlog
c:\users\cgf17gij\desktop\assignment-master\assignment-master\assignment\com428 assignment\crate\x64\debug\lab 6 - .99bad649.tlog\cl.write.1.tlog
c:\users\cgf17gij\desktop\assignment-master\assignment-master\assignment\com428 assignment\crate\x64\debug\lab 6 - .99bad649.tlog\link.command.1.tlog
c:\users\cgf17gij\desktop\assignment-master\assignment-master\assignment\com428 assignment\crate\x64\debug\lab 6 - .99bad649.tlog\link.read.1.tlog
c:\users\cgf17gij\desktop\assignment-master\assignment-master\assignment\com428 assignment\crate\x64\debug\lab 6 - .99bad649.tlog\link.write.1.tlog
